# JRE version: OpenJDK Runtime Environment (17.0.2+8) (build 17.0.2+8-86)
# Java VM: OpenJDK 64-Bit Server VM (17.0.2+8-86, mixed mode, sharing, tiered, compressed oops, compressed class ptrs, g1 gc, windows-amd64)
GC Precious Log:
 CPUs: 8 total, 8 available
 Memory: 8064M
 Large Page Support: Disabled
 NUMA Support: Disabled
 Compressed Oops: Enabled (32-bit)
 Heap Region Size: 1M
 Heap Min Capacity: 8M
 Heap Initial Capacity: 128M
 Heap Max Capacity: 512M
 Pre-touch: Disabled
 Parallel Workers: 8
 Concurrent Workers: 2
 Concurrent Refinement Workers: 8
 Periodic GC: Disabled
Heap:
 garbage-first heap   total 51200K, used 23711K [0x00000000e0000000, 0x0000000100000000)
  region size 1024K, 5 young (5120K), 3 survivors (3072K)
 Metaspace       used 52474K, committed 52928K, reserved 1097728K
  class space    used 7229K, committed 7424K, reserved 1048576K
GC Heap History (20 events):
Event: 2.537 GC heap before
{Heap before GC invocations=1 (full 0):
 garbage-first heap   total 131072K, used 26712K [0x00000000e0000000, 0x0000000100000000)
  region size 1024K, 22 young (22528K), 3 survivors (3072K)
 Metaspace       used 12235K, committed 12544K, reserved 1064960K
  class space    used 1519K, committed 1664K, reserved 1048576K
}
Event: 2.549 GC heap after
{Heap after GC invocations=2 (full 0):
 garbage-first heap   total 131072K, used 9960K [0x00000000e0000000, 0x0000000100000000)
  region size 1024K, 2 young (2048K), 2 survivors (2048K)
 Metaspace       used 12235K, committed 12544K, reserved 1064960K
  class space    used 1519K, committed 1664K, reserved 1048576K
}
Event: 3.609 GC heap before
{Heap before GC invocations=2 (full 0):
 garbage-first heap   total 131072K, used 50920K [0x00000000e0000000, 0x0000000100000000)
  region size 1024K, 44 young (45056K), 2 survivors (2048K)
 Metaspace       used 21323K, committed 21504K, reserved 1073152K
  class space    used 2699K, committed 2816K, reserved 1048576K
}
Event: 3.619 GC heap after
{Heap after GC invocations=3 (full 0):
 garbage-first heap   total 131072K, used 12734K [0x00000000e0000000, 0x0000000100000000)
  region size 1024K, 5 young (5120K), 5 survivors (5120K)
 Metaspace       used 21323K, committed 21504K, reserved 1073152K
  class space    used 2699K, committed 2816K, reserved 1048576K
}
Event: 4.542 GC heap before
{Heap before GC invocations=4 (full 0):
 garbage-first heap   total 51200K, used 37310K [0x00000000e0000000, 0x0000000100000000)
  region size 1024K, 30 young (30720K), 5 survivors (5120K)
 Metaspace       used 25160K, committed 25472K, reserved 1073152K
  class space    used 3246K, committed 3392K, reserved 1048576K
}
Event: 4.555 GC heap after
{Heap after GC invocations=5 (full 0):
 garbage-first heap   total 51200K, used 14167K [0x00000000e0000000, 0x0000000100000000)
  region size 1024K, 6 young (6144K), 6 survivors (6144K)
 Metaspace       used 25160K, committed 25472K, reserved 1073152K
  class space    used 3246K, committed 3392K, reserved 1048576K
}
Event: 4.590 GC heap before
{Heap before GC invocations=5 (full 0):
 garbage-first heap   total 51200K, used 15191K [0x00000000e0000000, 0x0000000100000000)
  region size 1024K, 7 young (7168K), 6 survivors (6144K)
 Metaspace       used 25393K, committed 25728K, reserved 1073152K
  class space    used 3274K, committed 3456K, reserved 1048576K
}
Event: 4.603 GC heap after
{Heap after GC invocations=6 (full 0):
 garbage-first heap   total 51200K, used 14777K [0x00000000e0000000, 0x0000000100000000)
  region size 1024K, 1 young (1024K), 1 survivors (1024K)
 Metaspace       used 25393K, committed 25728K, reserved 1073152K
  class space    used 3274K, committed 3456K, reserved 1048576K
}
Event: 5.317 GC heap before
{Heap before GC invocations=6 (full 0):
 garbage-first heap   total 51200K, used 34233K [0x00000000e0000000, 0x0000000100000000)
  region size 1024K, 20 young (20480K), 1 survivors (1024K)
 Metaspace       used 29230K, committed 29568K, reserved 1081344K
  class space    used 3812K, committed 3968K, reserved 1048576K
}
Event: 5.325 GC heap after
{Heap after GC invocations=7 (full 0):
 garbage-first heap   total 51200K, used 16219K [0x00000000e0000000, 0x0000000100000000)
  region size 1024K, 3 young (3072K), 3 survivors (3072K)
 Metaspace       used 29230K, committed 29568K, reserved 1081344K
  class space    used 3812K, committed 3968K, reserved 1048576K
}
Event: 6.087 GC heap before
{Heap before GC invocations=7 (full 0):
 garbage-first heap   total 51200K, used 35675K [0x00000000e0000000, 0x0000000100000000)
  region size 1024K, 22 young (22528K), 3 survivors (3072K)
 Metaspace       used 32862K, committed 33216K, reserved 1081344K
  class space    used 4272K, committed 4416K, reserved 1048576K
}
Event: 6.093 GC heap after
{Heap after GC invocations=8 (full 0):
 garbage-first heap   total 51200K, used 17405K [0x00000000e0000000, 0x0000000100000000)
  region size 1024K, 2 young (2048K), 2 survivors (2048K)
 Metaspace       used 32862K, committed 33216K, reserved 1081344K
  class space    used 4272K, committed 4416K, reserved 1048576K
}
Event: 6.633 GC heap before
{Heap before GC invocations=8 (full 0):
 garbage-first heap   total 51200K, used 29693K [0x00000000e0000000, 0x0000000100000000)
  region size 1024K, 15 young (15360K), 2 survivors (2048K)
 Metaspace       used 35945K, committed 36288K, reserved 1081344K
  class space    used 4787K, committed 4928K, reserved 1048576K
}
Event: 6.637 GC heap after
{Heap after GC invocations=9 (full 0):
 garbage-first heap   total 51200K, used 17860K [0x00000000e0000000, 0x0000000100000000)
  region size 1024K, 2 young (2048K), 2 survivors (2048K)
 Metaspace       used 35945K, committed 36288K, reserved 1081344K
  class space    used 4787K, committed 4928K, reserved 1048576K
}
Event: 7.498 GC heap before
{Heap before GC invocations=10 (full 0):
 garbage-first heap   total 51200K, used 37316K [0x00000000e0000000, 0x0000000100000000)
  region size 1024K, 22 young (22528K), 2 survivors (2048K)
 Metaspace       used 40803K, committed 41280K, reserved 1089536K
  class space    used 5449K, committed 5696K, reserved 1048576K
}
Event: 7.504 GC heap after
{Heap after GC invocations=11 (full 0):
 garbage-first heap   total 51200K, used 19132K [0x00000000e0000000, 0x0000000100000000)
  region size 1024K, 2 young (2048K), 2 survivors (2048K)
 Metaspace       used 40803K, committed 41280K, reserved 1089536K
  class space    used 5449K, committed 5696K, reserved 1048576K
}
Event: 8.220 GC heap before
{Heap before GC invocations=11 (full 0):
 garbage-first heap   total 51200K, used 39612K [0x00000000e0000000, 0x0000000100000000)
  region size 1024K, 22 young (22528K), 2 survivors (2048K)
 Metaspace       used 45992K, committed 46464K, reserved 1089536K
  class space    used 6333K, committed 6528K, reserved 1048576K
}
Event: 8.225 GC heap after
{Heap after GC invocations=12 (full 0):
 garbage-first heap   total 51200K, used 20375K [0x00000000e0000000, 0x0000000100000000)
  region size 1024K, 3 young (3072K), 3 survivors (3072K)
 Metaspace       used 45992K, committed 46464K, reserved 1089536K
  class space    used 6333K, committed 6528K, reserved 1048576K
}
Event: 9.155 GC heap before
{Heap before GC invocations=12 (full 0):
 garbage-first heap   total 51200K, used 38807K [0x00000000e0000000, 0x0000000100000000)
  region size 1024K, 22 young (22528K), 3 survivors (3072K)
 Metaspace       used 50354K, committed 50816K, reserved 1097728K
  class space    used 6908K, committed 7104K, reserved 1048576K
}
Event: 9.161 GC heap after
{Heap after GC invocations=13 (full 0):
 garbage-first heap   total 51200K, used 21639K [0x00000000e0000000, 0x0000000100000000)
  region size 1024K, 3 young (3072K), 3 survivors (3072K)
 Metaspace       used 50354K, committed 50816K, reserved 1097728K
  class space    used 6908K, committed 7104K, reserved 1048576K
}

